<?xml version="1.0" encoding="UTF-8"?>
<testsuite xmlns:xsi="http://www.w3.org/2001/XMLSchema-instance" xsi:noNamespaceSchemaLocation="https://maven.apache.org/surefire/maven-surefire-plugin/xsd/surefire-test-report.xsd" name="restapiTestCases.SampleWebSiteTest" time="5.404" tests="3" errors="0" skipped="0" failures="0">
  <properties>
[...]
</properties>
  <testcase name="getPlaceAPI" classname="restapiTestCases.SampleWebSiteTest" time="2.985"/>
  <testcase name="addPlace_post" classname="restapiTestCases.SampleWebSiteTest" time="0.374"/>
  <testcase name="getCountries" classname="restapiTestCases.SampleWebSiteTest" time="1.967"/>
</testsuite>